<?xml version="1.0" encoding="UTF-8"?>
<!-- Generated by org.testng.reporters.JUnitReportReporter -->
<testsuite hostname="DESKTOP-QH8P2S2" failures="0" tests="1" name="Test.Login" time="1.419" errors="0" timestamp="2022-04-06T18:21:33 IST" skipped="0">
  <testcase classname="Test.Login" name="loginTest" time="1.419"/>
  <system-out/>
</testsuite> <!-- Test.Login -->
